WARNING - 2024-07-24 20:31:23 --> [DEPRECATED] Creation of dynamic property App\Models\StaffModel::$request is deprecated in APPPATH\Models\StaffModel.php on line 17.
 1 APPPATH\Controllers\Staff.php(26): App\Models\StaffModel->__construct()
 2 SYSTEMPATH\CodeIgniter.php(903): App\Controllers\Staff->__construct()
 3 SYSTEMPATH\CodeIgniter.php(500): CodeIgniter\CodeIgniter->createController()
 4 SYSTEMPATH\CodeIgniter.php(355): CodeIgniter\CodeIgniter->handleRequest(null, Object(Config\Cache), false)
 5 SYSTEMPATH\Boot.php(325): CodeIgniter\CodeIgniter->run()
 6 SYSTEMPATH\Boot.php(67): CodeIgniter\Boot::runCodeIgniter(Object(CodeIgniter\CodeIgniter))
 7 FCPATH\index.php(56): CodeIgniter\Boot::bootWeb(Object(Config\Paths))
WARNING - 2024-07-24 20:31:23 --> [DEPRECATED] Creation of dynamic property App\Libraries\Helpers::$email is deprecated in APPPATH\Libraries\Helpers.php on line 15.
 1 APPPATH\Controllers\Staff.php(30): App\Libraries\Helpers->__construct()
 2 SYSTEMPATH\CodeIgniter.php(903): App\Controllers\Staff->__construct()
 3 SYSTEMPATH\CodeIgniter.php(500): CodeIgniter\CodeIgniter->createController()
 4 SYSTEMPATH\CodeIgniter.php(355): CodeIgniter\CodeIgniter->handleRequest(null, Object(Config\Cache), false)
 5 SYSTEMPATH\Boot.php(325): CodeIgniter\CodeIgniter->run()
 6 SYSTEMPATH\Boot.php(67): CodeIgniter\Boot::runCodeIgniter(Object(CodeIgniter\CodeIgniter))
 7 FCPATH\index.php(56): CodeIgniter\Boot::bootWeb(Object(Config\Paths))
INFO - 2024-07-24 20:31:23 --> Session: Class initialized using 'CodeIgniter\Session\Handlers\FileHandler' driver.
WARNING - 2024-07-24 20:31:25 --> [DEPRECATED] Creation of dynamic property App\Models\StaffModel::$request is deprecated in APPPATH\Models\StaffModel.php on line 17.
 1 APPPATH\Controllers\Staff.php(26): App\Models\StaffModel->__construct()
 2 SYSTEMPATH\CodeIgniter.php(903): App\Controllers\Staff->__construct()
 3 SYSTEMPATH\CodeIgniter.php(500): CodeIgniter\CodeIgniter->createController()
 4 SYSTEMPATH\CodeIgniter.php(355): CodeIgniter\CodeIgniter->handleRequest(null, Object(Config\Cache), false)
 5 SYSTEMPATH\Boot.php(325): CodeIgniter\CodeIgniter->run()
 6 SYSTEMPATH\Boot.php(67): CodeIgniter\Boot::runCodeIgniter(Object(CodeIgniter\CodeIgniter))
 7 FCPATH\index.php(56): CodeIgniter\Boot::bootWeb(Object(Config\Paths))
WARNING - 2024-07-24 20:31:25 --> [DEPRECATED] Creation of dynamic property App\Libraries\Helpers::$email is deprecated in APPPATH\Libraries\Helpers.php on line 15.
 1 APPPATH\Controllers\Staff.php(30): App\Libraries\Helpers->__construct()
 2 SYSTEMPATH\CodeIgniter.php(903): App\Controllers\Staff->__construct()
 3 SYSTEMPATH\CodeIgniter.php(500): CodeIgniter\CodeIgniter->createController()
 4 SYSTEMPATH\CodeIgniter.php(355): CodeIgniter\CodeIgniter->handleRequest(null, Object(Config\Cache), false)
 5 SYSTEMPATH\Boot.php(325): CodeIgniter\CodeIgniter->run()
 6 SYSTEMPATH\Boot.php(67): CodeIgniter\Boot::runCodeIgniter(Object(CodeIgniter\CodeIgniter))
 7 FCPATH\index.php(56): CodeIgniter\Boot::bootWeb(Object(Config\Paths))
INFO - 2024-07-24 20:31:25 --> Session: Class initialized using 'CodeIgniter\Session\Handlers\FileHandler' driver.
WARNING - 2024-07-24 20:33:24 --> [DEPRECATED] Creation of dynamic property App\Models\StaffModel::$request is deprecated in APPPATH\Models\StaffModel.php on line 17.
 1 APPPATH\Controllers\Staff.php(26): App\Models\StaffModel->__construct()
 2 SYSTEMPATH\CodeIgniter.php(903): App\Controllers\Staff->__construct()
 3 SYSTEMPATH\CodeIgniter.php(500): CodeIgniter\CodeIgniter->createController()
 4 SYSTEMPATH\CodeIgniter.php(355): CodeIgniter\CodeIgniter->handleRequest(null, Object(Config\Cache), false)
 5 SYSTEMPATH\Boot.php(325): CodeIgniter\CodeIgniter->run()
 6 SYSTEMPATH\Boot.php(67): CodeIgniter\Boot::runCodeIgniter(Object(CodeIgniter\CodeIgniter))
 7 FCPATH\index.php(56): CodeIgniter\Boot::bootWeb(Object(Config\Paths))
WARNING - 2024-07-24 20:33:24 --> [DEPRECATED] Creation of dynamic property App\Libraries\Helpers::$email is deprecated in APPPATH\Libraries\Helpers.php on line 15.
 1 APPPATH\Controllers\Staff.php(30): App\Libraries\Helpers->__construct()
 2 SYSTEMPATH\CodeIgniter.php(903): App\Controllers\Staff->__construct()
 3 SYSTEMPATH\CodeIgniter.php(500): CodeIgniter\CodeIgniter->createController()
 4 SYSTEMPATH\CodeIgniter.php(355): CodeIgniter\CodeIgniter->handleRequest(null, Object(Config\Cache), false)
 5 SYSTEMPATH\Boot.php(325): CodeIgniter\CodeIgniter->run()
 6 SYSTEMPATH\Boot.php(67): CodeIgniter\Boot::runCodeIgniter(Object(CodeIgniter\CodeIgniter))
 7 FCPATH\index.php(56): CodeIgniter\Boot::bootWeb(Object(Config\Paths))
INFO - 2024-07-24 20:33:24 --> Session: Class initialized using 'CodeIgniter\Session\Handlers\FileHandler' driver.
WARNING - 2024-07-24 20:33:25 --> [DEPRECATED] Creation of dynamic property App\Models\StaffModel::$request is deprecated in APPPATH\Models\StaffModel.php on line 17.
 1 APPPATH\Controllers\Staff.php(26): App\Models\StaffModel->__construct()
 2 SYSTEMPATH\CodeIgniter.php(903): App\Controllers\Staff->__construct()
 3 SYSTEMPATH\CodeIgniter.php(500): CodeIgniter\CodeIgniter->createController()
 4 SYSTEMPATH\CodeIgniter.php(355): CodeIgniter\CodeIgniter->handleRequest(null, Object(Config\Cache), false)
 5 SYSTEMPATH\Boot.php(325): CodeIgniter\CodeIgniter->run()
 6 SYSTEMPATH\Boot.php(67): CodeIgniter\Boot::runCodeIgniter(Object(CodeIgniter\CodeIgniter))
 7 FCPATH\index.php(56): CodeIgniter\Boot::bootWeb(Object(Config\Paths))
WARNING - 2024-07-24 20:33:25 --> [DEPRECATED] Creation of dynamic property App\Libraries\Helpers::$email is deprecated in APPPATH\Libraries\Helpers.php on line 15.
 1 APPPATH\Controllers\Staff.php(30): App\Libraries\Helpers->__construct()
 2 SYSTEMPATH\CodeIgniter.php(903): App\Controllers\Staff->__construct()
 3 SYSTEMPATH\CodeIgniter.php(500): CodeIgniter\CodeIgniter->createController()
 4 SYSTEMPATH\CodeIgniter.php(355): CodeIgniter\CodeIgniter->handleRequest(null, Object(Config\Cache), false)
 5 SYSTEMPATH\Boot.php(325): CodeIgniter\CodeIgniter->run()
 6 SYSTEMPATH\Boot.php(67): CodeIgniter\Boot::runCodeIgniter(Object(CodeIgniter\CodeIgniter))
 7 FCPATH\index.php(56): CodeIgniter\Boot::bootWeb(Object(Config\Paths))
INFO - 2024-07-24 20:33:25 --> Session: Class initialized using 'CodeIgniter\Session\Handlers\FileHandler' driver.
WARNING - 2024-07-24 20:33:31 --> [DEPRECATED] Creation of dynamic property App\Models\StaffModel::$request is deprecated in APPPATH\Models\StaffModel.php on line 17.
 1 APPPATH\Controllers\Staff.php(26): App\Models\StaffModel->__construct()
 2 SYSTEMPATH\CodeIgniter.php(903): App\Controllers\Staff->__construct()
 3 SYSTEMPATH\CodeIgniter.php(500): CodeIgniter\CodeIgniter->createController()
 4 SYSTEMPATH\CodeIgniter.php(355): CodeIgniter\CodeIgniter->handleRequest(null, Object(Config\Cache), false)
 5 SYSTEMPATH\Boot.php(325): CodeIgniter\CodeIgniter->run()
 6 SYSTEMPATH\Boot.php(67): CodeIgniter\Boot::runCodeIgniter(Object(CodeIgniter\CodeIgniter))
 7 FCPATH\index.php(56): CodeIgniter\Boot::bootWeb(Object(Config\Paths))
WARNING - 2024-07-24 20:33:31 --> [DEPRECATED] Creation of dynamic property App\Libraries\Helpers::$email is deprecated in APPPATH\Libraries\Helpers.php on line 15.
 1 APPPATH\Controllers\Staff.php(30): App\Libraries\Helpers->__construct()
 2 SYSTEMPATH\CodeIgniter.php(903): App\Controllers\Staff->__construct()
 3 SYSTEMPATH\CodeIgniter.php(500): CodeIgniter\CodeIgniter->createController()
 4 SYSTEMPATH\CodeIgniter.php(355): CodeIgniter\CodeIgniter->handleRequest(null, Object(Config\Cache), false)
 5 SYSTEMPATH\Boot.php(325): CodeIgniter\CodeIgniter->run()
 6 SYSTEMPATH\Boot.php(67): CodeIgniter\Boot::runCodeIgniter(Object(CodeIgniter\CodeIgniter))
 7 FCPATH\index.php(56): CodeIgniter\Boot::bootWeb(Object(Config\Paths))
INFO - 2024-07-24 20:33:31 --> Session: Class initialized using 'CodeIgniter\Session\Handlers\FileHandler' driver.
INFO - 2024-07-24 20:33:33 --> Session: Class initialized using 'CodeIgniter\Session\Handlers\FileHandler' driver.
WARNING - 2024-07-24 20:33:48 --> [DEPRECATED] Creation of dynamic property App\Models\StaffModel::$request is deprecated in APPPATH\Models\StaffModel.php on line 17.
 1 APPPATH\Controllers\Staff.php(26): App\Models\StaffModel->__construct()
 2 SYSTEMPATH\CodeIgniter.php(903): App\Controllers\Staff->__construct()
 3 SYSTEMPATH\CodeIgniter.php(500): CodeIgniter\CodeIgniter->createController()
 4 SYSTEMPATH\CodeIgniter.php(355): CodeIgniter\CodeIgniter->handleRequest(null, Object(Config\Cache), false)
 5 SYSTEMPATH\Boot.php(325): CodeIgniter\CodeIgniter->run()
 6 SYSTEMPATH\Boot.php(67): CodeIgniter\Boot::runCodeIgniter(Object(CodeIgniter\CodeIgniter))
 7 FCPATH\index.php(56): CodeIgniter\Boot::bootWeb(Object(Config\Paths))
WARNING - 2024-07-24 20:33:48 --> [DEPRECATED] Creation of dynamic property App\Libraries\Helpers::$email is deprecated in APPPATH\Libraries\Helpers.php on line 15.
 1 APPPATH\Controllers\Staff.php(30): App\Libraries\Helpers->__construct()
 2 SYSTEMPATH\CodeIgniter.php(903): App\Controllers\Staff->__construct()
 3 SYSTEMPATH\CodeIgniter.php(500): CodeIgniter\CodeIgniter->createController()
 4 SYSTEMPATH\CodeIgniter.php(355): CodeIgniter\CodeIgniter->handleRequest(null, Object(Config\Cache), false)
 5 SYSTEMPATH\Boot.php(325): CodeIgniter\CodeIgniter->run()
 6 SYSTEMPATH\Boot.php(67): CodeIgniter\Boot::runCodeIgniter(Object(CodeIgniter\CodeIgniter))
 7 FCPATH\index.php(56): CodeIgniter\Boot::bootWeb(Object(Config\Paths))
INFO - 2024-07-24 20:33:48 --> Session: Class initialized using 'CodeIgniter\Session\Handlers\FileHandler' driver.
WARNING - 2024-07-24 20:33:54 --> [DEPRECATED] Creation of dynamic property App\Models\StaffModel::$request is deprecated in APPPATH\Models\StaffModel.php on line 17.
 1 APPPATH\Controllers\Staff.php(26): App\Models\StaffModel->__construct()
 2 SYSTEMPATH\CodeIgniter.php(903): App\Controllers\Staff->__construct()
 3 SYSTEMPATH\CodeIgniter.php(500): CodeIgniter\CodeIgniter->createController()
 4 SYSTEMPATH\CodeIgniter.php(355): CodeIgniter\CodeIgniter->handleRequest(null, Object(Config\Cache), false)
 5 SYSTEMPATH\Boot.php(325): CodeIgniter\CodeIgniter->run()
 6 SYSTEMPATH\Boot.php(67): CodeIgniter\Boot::runCodeIgniter(Object(CodeIgniter\CodeIgniter))
 7 FCPATH\index.php(56): CodeIgniter\Boot::bootWeb(Object(Config\Paths))
WARNING - 2024-07-24 20:33:54 --> [DEPRECATED] Creation of dynamic property App\Libraries\Helpers::$email is deprecated in APPPATH\Libraries\Helpers.php on line 15.
 1 APPPATH\Controllers\Staff.php(30): App\Libraries\Helpers->__construct()
 2 SYSTEMPATH\CodeIgniter.php(903): App\Controllers\Staff->__construct()
 3 SYSTEMPATH\CodeIgniter.php(500): CodeIgniter\CodeIgniter->createController()
 4 SYSTEMPATH\CodeIgniter.php(355): CodeIgniter\CodeIgniter->handleRequest(null, Object(Config\Cache), false)
 5 SYSTEMPATH\Boot.php(325): CodeIgniter\CodeIgniter->run()
 6 SYSTEMPATH\Boot.php(67): CodeIgniter\Boot::runCodeIgniter(Object(CodeIgniter\CodeIgniter))
 7 FCPATH\index.php(56): CodeIgniter\Boot::bootWeb(Object(Config\Paths))
INFO - 2024-07-24 20:33:54 --> Session: Class initialized using 'CodeIgniter\Session\Handlers\FileHandler' driver.
INFO - 2024-07-24 20:33:55 --> Session: Class initialized using 'CodeIgniter\Session\Handlers\FileHandler' driver.
WARNING - 2024-07-24 20:34:00 --> [DEPRECATED] Creation of dynamic property App\Models\StaffModel::$request is deprecated in APPPATH\Models\StaffModel.php on line 17.
 1 APPPATH\Controllers\Property.php(32): App\Models\StaffModel->__construct()
 2 SYSTEMPATH\CodeIgniter.php(903): App\Controllers\Property->__construct()
 3 SYSTEMPATH\CodeIgniter.php(500): CodeIgniter\CodeIgniter->createController()
 4 SYSTEMPATH\CodeIgniter.php(355): CodeIgniter\CodeIgniter->handleRequest(null, Object(Config\Cache), false)
 5 SYSTEMPATH\Boot.php(325): CodeIgniter\CodeIgniter->run()
 6 SYSTEMPATH\Boot.php(67): CodeIgniter\Boot::runCodeIgniter(Object(CodeIgniter\CodeIgniter))
 7 FCPATH\index.php(56): CodeIgniter\Boot::bootWeb(Object(Config\Paths))
WARNING - 2024-07-24 20:34:00 --> [DEPRECATED] Creation of dynamic property App\Libraries\Helpers::$email is deprecated in APPPATH\Libraries\Helpers.php on line 15.
 1 APPPATH\Controllers\Property.php(34): App\Libraries\Helpers->__construct()
 2 SYSTEMPATH\CodeIgniter.php(903): App\Controllers\Property->__construct()
 3 SYSTEMPATH\CodeIgniter.php(500): CodeIgniter\CodeIgniter->createController()
 4 SYSTEMPATH\CodeIgniter.php(355): CodeIgniter\CodeIgniter->handleRequest(null, Object(Config\Cache), false)
 5 SYSTEMPATH\Boot.php(325): CodeIgniter\CodeIgniter->run()
 6 SYSTEMPATH\Boot.php(67): CodeIgniter\Boot::runCodeIgniter(Object(CodeIgniter\CodeIgniter))
 7 FCPATH\index.php(56): CodeIgniter\Boot::bootWeb(Object(Config\Paths))
INFO - 2024-07-24 20:34:00 --> Session: Class initialized using 'CodeIgniter\Session\Handlers\FileHandler' driver.
WARNING - 2024-07-24 20:34:02 --> [DEPRECATED] Creation of dynamic property App\Models\StaffModel::$request is deprecated in APPPATH\Models\StaffModel.php on line 17.
 1 APPPATH\Controllers\Property.php(32): App\Models\StaffModel->__construct()
 2 SYSTEMPATH\CodeIgniter.php(903): App\Controllers\Property->__construct()
 3 SYSTEMPATH\CodeIgniter.php(500): CodeIgniter\CodeIgniter->createController()
 4 SYSTEMPATH\CodeIgniter.php(355): CodeIgniter\CodeIgniter->handleRequest(null, Object(Config\Cache), false)
 5 SYSTEMPATH\Boot.php(325): CodeIgniter\CodeIgniter->run()
 6 SYSTEMPATH\Boot.php(67): CodeIgniter\Boot::runCodeIgniter(Object(CodeIgniter\CodeIgniter))
 7 FCPATH\index.php(56): CodeIgniter\Boot::bootWeb(Object(Config\Paths))
WARNING - 2024-07-24 20:34:02 --> [DEPRECATED] Creation of dynamic property App\Libraries\Helpers::$email is deprecated in APPPATH\Libraries\Helpers.php on line 15.
 1 APPPATH\Controllers\Property.php(34): App\Libraries\Helpers->__construct()
 2 SYSTEMPATH\CodeIgniter.php(903): App\Controllers\Property->__construct()
 3 SYSTEMPATH\CodeIgniter.php(500): CodeIgniter\CodeIgniter->createController()
 4 SYSTEMPATH\CodeIgniter.php(355): CodeIgniter\CodeIgniter->handleRequest(null, Object(Config\Cache), false)
 5 SYSTEMPATH\Boot.php(325): CodeIgniter\CodeIgniter->run()
 6 SYSTEMPATH\Boot.php(67): CodeIgniter\Boot::runCodeIgniter(Object(CodeIgniter\CodeIgniter))
 7 FCPATH\index.php(56): CodeIgniter\Boot::bootWeb(Object(Config\Paths))
INFO - 2024-07-24 20:34:02 --> Session: Class initialized using 'CodeIgniter\Session\Handlers\FileHandler' driver.
WARNING - 2024-07-24 20:37:44 --> [DEPRECATED] Creation of dynamic property App\Models\StaffModel::$request is deprecated in APPPATH\Models\StaffModel.php on line 17.
 1 APPPATH\Controllers\Staff.php(26): App\Models\StaffModel->__construct()
 2 SYSTEMPATH\CodeIgniter.php(903): App\Controllers\Staff->__construct()
 3 SYSTEMPATH\CodeIgniter.php(500): CodeIgniter\CodeIgniter->createController()
 4 SYSTEMPATH\CodeIgniter.php(355): CodeIgniter\CodeIgniter->handleRequest(null, Object(Config\Cache), false)
 5 SYSTEMPATH\Boot.php(325): CodeIgniter\CodeIgniter->run()
 6 SYSTEMPATH\Boot.php(67): CodeIgniter\Boot::runCodeIgniter(Object(CodeIgniter\CodeIgniter))
 7 FCPATH\index.php(56): CodeIgniter\Boot::bootWeb(Object(Config\Paths))
WARNING - 2024-07-24 20:37:44 --> [DEPRECATED] Creation of dynamic property App\Libraries\Helpers::$email is deprecated in APPPATH\Libraries\Helpers.php on line 15.
 1 APPPATH\Controllers\Staff.php(30): App\Libraries\Helpers->__construct()
 2 SYSTEMPATH\CodeIgniter.php(903): App\Controllers\Staff->__construct()
 3 SYSTEMPATH\CodeIgniter.php(500): CodeIgniter\CodeIgniter->createController()
 4 SYSTEMPATH\CodeIgniter.php(355): CodeIgniter\CodeIgniter->handleRequest(null, Object(Config\Cache), false)
 5 SYSTEMPATH\Boot.php(325): CodeIgniter\CodeIgniter->run()
 6 SYSTEMPATH\Boot.php(67): CodeIgniter\Boot::runCodeIgniter(Object(CodeIgniter\CodeIgniter))
 7 FCPATH\index.php(56): CodeIgniter\Boot::bootWeb(Object(Config\Paths))
INFO - 2024-07-24 20:37:44 --> Session: Class initialized using 'CodeIgniter\Session\Handlers\FileHandler' driver.
CRITICAL - 2024-07-24 20:37:44 --> ErrorException: Undefined array key "role_id"
[Method: GET, Route: staff/view/1]
in APPPATH\Views\users\user_nav.php on line 12.
 1 APPPATH\Views\users\user_nav.php(12): CodeIgniter\Debug\Exceptions->errorHandler(2, 'Undefined array key "role_id"', 'C:\\xampp\\htdocs\\codeignitor4.5\\app\\Views\\users\\user_nav.php', 12)
 2 SYSTEMPATH\View\View.php(234): include('C:\\xampp\\htdocs\\codeignitor4.5\\app\\Views\\users\\user_nav.php')
 3 SYSTEMPATH\View\View.php(237): CodeIgniter\View\View->CodeIgniter\View\{closure}()
 4 SYSTEMPATH\Common.php(1171): CodeIgniter\View\View->render('users/user_nav', [], true)
 5 APPPATH\Views\users\staff\view.php(23): view('users/user_nav')
 6 SYSTEMPATH\View\View.php(234): include('C:\\xampp\\htdocs\\codeignitor4.5\\app\\Views\\users\\staff\\view.php')
 7 SYSTEMPATH\View\View.php(237): CodeIgniter\View\View->CodeIgniter\View\{closure}()
 8 SYSTEMPATH\Common.php(1171): CodeIgniter\View\View->render('users/staff/view', [], true)
 9 APPPATH\Controllers\Staff.php(176): view('users/staff/view', [...])
10 SYSTEMPATH\CodeIgniter.php(933): App\Controllers\Staff->view('1')
11 SYSTEMPATH\CodeIgniter.php(509): CodeIgniter\CodeIgniter->runController(Object(App\Controllers\Staff))
12 SYSTEMPATH\CodeIgniter.php(355): CodeIgniter\CodeIgniter->handleRequest(null, Object(Config\Cache), false)
13 SYSTEMPATH\Boot.php(325): CodeIgniter\CodeIgniter->run()
14 SYSTEMPATH\Boot.php(67): CodeIgniter\Boot::runCodeIgniter(Object(CodeIgniter\CodeIgniter))
15 FCPATH\index.php(56): CodeIgniter\Boot::bootWeb(Object(Config\Paths))
WARNING - 2024-07-24 20:40:48 --> [DEPRECATED] Creation of dynamic property App\Models\StaffModel::$request is deprecated in APPPATH\Models\StaffModel.php on line 17.
 1 APPPATH\Controllers\Property.php(32): App\Models\StaffModel->__construct()
 2 SYSTEMPATH\CodeIgniter.php(903): App\Controllers\Property->__construct()
 3 SYSTEMPATH\CodeIgniter.php(500): CodeIgniter\CodeIgniter->createController()
 4 SYSTEMPATH\CodeIgniter.php(355): CodeIgniter\CodeIgniter->handleRequest(null, Object(Config\Cache), false)
 5 SYSTEMPATH\Boot.php(325): CodeIgniter\CodeIgniter->run()
 6 SYSTEMPATH\Boot.php(67): CodeIgniter\Boot::runCodeIgniter(Object(CodeIgniter\CodeIgniter))
 7 FCPATH\index.php(56): CodeIgniter\Boot::bootWeb(Object(Config\Paths))
WARNING - 2024-07-24 20:40:48 --> [DEPRECATED] Creation of dynamic property App\Libraries\Helpers::$email is deprecated in APPPATH\Libraries\Helpers.php on line 15.
 1 APPPATH\Controllers\Property.php(34): App\Libraries\Helpers->__construct()
 2 SYSTEMPATH\CodeIgniter.php(903): App\Controllers\Property->__construct()
 3 SYSTEMPATH\CodeIgniter.php(500): CodeIgniter\CodeIgniter->createController()
 4 SYSTEMPATH\CodeIgniter.php(355): CodeIgniter\CodeIgniter->handleRequest(null, Object(Config\Cache), false)
 5 SYSTEMPATH\Boot.php(325): CodeIgniter\CodeIgniter->run()
 6 SYSTEMPATH\Boot.php(67): CodeIgniter\Boot::runCodeIgniter(Object(CodeIgniter\CodeIgniter))
 7 FCPATH\index.php(56): CodeIgniter\Boot::bootWeb(Object(Config\Paths))
INFO - 2024-07-24 20:40:48 --> Session: Class initialized using 'CodeIgniter\Session\Handlers\FileHandler' driver.
WARNING - 2024-07-24 20:40:50 --> [DEPRECATED] Creation of dynamic property App\Models\StaffModel::$request is deprecated in APPPATH\Models\StaffModel.php on line 17.
 1 APPPATH\Controllers\Property.php(32): App\Models\StaffModel->__construct()
 2 SYSTEMPATH\CodeIgniter.php(903): App\Controllers\Property->__construct()
 3 SYSTEMPATH\CodeIgniter.php(500): CodeIgniter\CodeIgniter->createController()
 4 SYSTEMPATH\CodeIgniter.php(355): CodeIgniter\CodeIgniter->handleRequest(null, Object(Config\Cache), false)
 5 SYSTEMPATH\Boot.php(325): CodeIgniter\CodeIgniter->run()
 6 SYSTEMPATH\Boot.php(67): CodeIgniter\Boot::runCodeIgniter(Object(CodeIgniter\CodeIgniter))
 7 FCPATH\index.php(56): CodeIgniter\Boot::bootWeb(Object(Config\Paths))
WARNING - 2024-07-24 20:40:50 --> [DEPRECATED] Creation of dynamic property App\Libraries\Helpers::$email is deprecated in APPPATH\Libraries\Helpers.php on line 15.
 1 APPPATH\Controllers\Property.php(34): App\Libraries\Helpers->__construct()
 2 SYSTEMPATH\CodeIgniter.php(903): App\Controllers\Property->__construct()
 3 SYSTEMPATH\CodeIgniter.php(500): CodeIgniter\CodeIgniter->createController()
 4 SYSTEMPATH\CodeIgniter.php(355): CodeIgniter\CodeIgniter->handleRequest(null, Object(Config\Cache), false)
 5 SYSTEMPATH\Boot.php(325): CodeIgniter\CodeIgniter->run()
 6 SYSTEMPATH\Boot.php(67): CodeIgniter\Boot::runCodeIgniter(Object(CodeIgniter\CodeIgniter))
 7 FCPATH\index.php(56): CodeIgniter\Boot::bootWeb(Object(Config\Paths))
INFO - 2024-07-24 20:40:50 --> Session: Class initialized using 'CodeIgniter\Session\Handlers\FileHandler' driver.
WARNING - 2024-07-24 20:41:41 --> [DEPRECATED] Creation of dynamic property App\Models\StaffModel::$request is deprecated in APPPATH\Models\StaffModel.php on line 17.
 1 APPPATH\Controllers\Property.php(32): App\Models\StaffModel->__construct()
 2 SYSTEMPATH\CodeIgniter.php(903): App\Controllers\Property->__construct()
 3 SYSTEMPATH\CodeIgniter.php(500): CodeIgniter\CodeIgniter->createController()
 4 SYSTEMPATH\CodeIgniter.php(355): CodeIgniter\CodeIgniter->handleRequest(null, Object(Config\Cache), false)
 5 SYSTEMPATH\Boot.php(325): CodeIgniter\CodeIgniter->run()
 6 SYSTEMPATH\Boot.php(67): CodeIgniter\Boot::runCodeIgniter(Object(CodeIgniter\CodeIgniter))
 7 FCPATH\index.php(56): CodeIgniter\Boot::bootWeb(Object(Config\Paths))
WARNING - 2024-07-24 20:41:41 --> [DEPRECATED] Creation of dynamic property App\Libraries\Helpers::$email is deprecated in APPPATH\Libraries\Helpers.php on line 15.
 1 APPPATH\Controllers\Property.php(34): App\Libraries\Helpers->__construct()
 2 SYSTEMPATH\CodeIgniter.php(903): App\Controllers\Property->__construct()
 3 SYSTEMPATH\CodeIgniter.php(500): CodeIgniter\CodeIgniter->createController()
 4 SYSTEMPATH\CodeIgniter.php(355): CodeIgniter\CodeIgniter->handleRequest(null, Object(Config\Cache), false)
 5 SYSTEMPATH\Boot.php(325): CodeIgniter\CodeIgniter->run()
 6 SYSTEMPATH\Boot.php(67): CodeIgniter\Boot::runCodeIgniter(Object(CodeIgniter\CodeIgniter))
 7 FCPATH\index.php(56): CodeIgniter\Boot::bootWeb(Object(Config\Paths))
INFO - 2024-07-24 20:41:41 --> Session: Class initialized using 'CodeIgniter\Session\Handlers\FileHandler' driver.
WARNING - 2024-07-24 20:49:07 --> [DEPRECATED] Creation of dynamic property App\Models\StaffModel::$request is deprecated in APPPATH\Models\StaffModel.php on line 17.
 1 APPPATH\Controllers\Property.php(32): App\Models\StaffModel->__construct()
 2 SYSTEMPATH\CodeIgniter.php(903): App\Controllers\Property->__construct()
 3 SYSTEMPATH\CodeIgniter.php(500): CodeIgniter\CodeIgniter->createController()
 4 SYSTEMPATH\CodeIgniter.php(355): CodeIgniter\CodeIgniter->handleRequest(null, Object(Config\Cache), false)
 5 SYSTEMPATH\Boot.php(325): CodeIgniter\CodeIgniter->run()
 6 SYSTEMPATH\Boot.php(67): CodeIgniter\Boot::runCodeIgniter(Object(CodeIgniter\CodeIgniter))
 7 FCPATH\index.php(56): CodeIgniter\Boot::bootWeb(Object(Config\Paths))
WARNING - 2024-07-24 20:49:07 --> [DEPRECATED] Creation of dynamic property App\Libraries\Helpers::$email is deprecated in APPPATH\Libraries\Helpers.php on line 15.
 1 APPPATH\Controllers\Property.php(34): App\Libraries\Helpers->__construct()
 2 SYSTEMPATH\CodeIgniter.php(903): App\Controllers\Property->__construct()
 3 SYSTEMPATH\CodeIgniter.php(500): CodeIgniter\CodeIgniter->createController()
 4 SYSTEMPATH\CodeIgniter.php(355): CodeIgniter\CodeIgniter->handleRequest(null, Object(Config\Cache), false)
 5 SYSTEMPATH\Boot.php(325): CodeIgniter\CodeIgniter->run()
 6 SYSTEMPATH\Boot.php(67): CodeIgniter\Boot::runCodeIgniter(Object(CodeIgniter\CodeIgniter))
 7 FCPATH\index.php(56): CodeIgniter\Boot::bootWeb(Object(Config\Paths))
INFO - 2024-07-24 20:49:07 --> Session: Class initialized using 'CodeIgniter\Session\Handlers\FileHandler' driver.
WARNING - 2024-07-24 20:49:09 --> [DEPRECATED] Creation of dynamic property App\Models\StaffModel::$request is deprecated in APPPATH\Models\StaffModel.php on line 17.
 1 APPPATH\Controllers\Property.php(32): App\Models\StaffModel->__construct()
 2 SYSTEMPATH\CodeIgniter.php(903): App\Controllers\Property->__construct()
 3 SYSTEMPATH\CodeIgniter.php(500): CodeIgniter\CodeIgniter->createController()
 4 SYSTEMPATH\CodeIgniter.php(355): CodeIgniter\CodeIgniter->handleRequest(null, Object(Config\Cache), false)
 5 SYSTEMPATH\Boot.php(325): CodeIgniter\CodeIgniter->run()
 6 SYSTEMPATH\Boot.php(67): CodeIgniter\Boot::runCodeIgniter(Object(CodeIgniter\CodeIgniter))
 7 FCPATH\index.php(56): CodeIgniter\Boot::bootWeb(Object(Config\Paths))
WARNING - 2024-07-24 20:49:09 --> [DEPRECATED] Creation of dynamic property App\Libraries\Helpers::$email is deprecated in APPPATH\Libraries\Helpers.php on line 15.
 1 APPPATH\Controllers\Property.php(34): App\Libraries\Helpers->__construct()
 2 SYSTEMPATH\CodeIgniter.php(903): App\Controllers\Property->__construct()
 3 SYSTEMPATH\CodeIgniter.php(500): CodeIgniter\CodeIgniter->createController()
 4 SYSTEMPATH\CodeIgniter.php(355): CodeIgniter\CodeIgniter->handleRequest(null, Object(Config\Cache), false)
 5 SYSTEMPATH\Boot.php(325): CodeIgniter\CodeIgniter->run()
 6 SYSTEMPATH\Boot.php(67): CodeIgniter\Boot::runCodeIgniter(Object(CodeIgniter\CodeIgniter))
 7 FCPATH\index.php(56): CodeIgniter\Boot::bootWeb(Object(Config\Paths))
INFO - 2024-07-24 20:49:09 --> Session: Class initialized using 'CodeIgniter\Session\Handlers\FileHandler' driver.
INFO - 2024-07-24 20:49:11 --> Session: Class initialized using 'CodeIgniter\Session\Handlers\FileHandler' driver.
INFO - 2024-07-24 20:49:11 --> Session: Class initialized using 'CodeIgniter\Session\Handlers\FileHandler' driver.
INFO - 2024-07-24 20:50:31 --> Session: Class initialized using 'CodeIgniter\Session\Handlers\FileHandler' driver.
INFO - 2024-07-24 20:50:38 --> Session: Class initialized using 'CodeIgniter\Session\Handlers\FileHandler' driver.
INFO - 2024-07-24 20:51:15 --> Session: Class initialized using 'CodeIgniter\Session\Handlers\FileHandler' driver.
WARNING - 2024-07-24 20:51:15 --> [DEPRECATED] Creation of dynamic property App\Controllers\Login::$data is deprecated in APPPATH\Controllers\Login.php on line 57.
 1 SYSTEMPATH\CodeIgniter.php(933): App\Controllers\Login->auth()
 2 SYSTEMPATH\CodeIgniter.php(509): CodeIgniter\CodeIgniter->runController(Object(App\Controllers\Login))
 3 SYSTEMPATH\CodeIgniter.php(355): CodeIgniter\CodeIgniter->handleRequest(null, Object(Config\Cache), false)
 4 SYSTEMPATH\Boot.php(325): CodeIgniter\CodeIgniter->run()
 5 SYSTEMPATH\Boot.php(67): CodeIgniter\Boot::runCodeIgniter(Object(CodeIgniter\CodeIgniter))
 6 FCPATH\index.php(56): CodeIgniter\Boot::bootWeb(Object(Config\Paths))
WARNING - 2024-07-24 20:51:16 --> [DEPRECATED] Creation of dynamic property App\Models\StaffModel::$request is deprecated in APPPATH\Models\StaffModel.php on line 17.
 1 APPPATH\Controllers\Dashboard.php(25): App\Models\StaffModel->__construct()
 2 SYSTEMPATH\CodeIgniter.php(903): App\Controllers\Dashboard->__construct()
 3 SYSTEMPATH\CodeIgniter.php(500): CodeIgniter\CodeIgniter->createController()
 4 SYSTEMPATH\CodeIgniter.php(355): CodeIgniter\CodeIgniter->handleRequest(null, Object(Config\Cache), false)
 5 SYSTEMPATH\Boot.php(325): CodeIgniter\CodeIgniter->run()
 6 SYSTEMPATH\Boot.php(67): CodeIgniter\Boot::runCodeIgniter(Object(CodeIgniter\CodeIgniter))
 7 FCPATH\index.php(56): CodeIgniter\Boot::bootWeb(Object(Config\Paths))
INFO - 2024-07-24 20:51:16 --> Session: Class initialized using 'CodeIgniter\Session\Handlers\FileHandler' driver.
WARNING - 2024-07-24 20:51:17 --> [DEPRECATED] Creation of dynamic property App\Models\StaffModel::$request is deprecated in APPPATH\Models\StaffModel.php on line 17.
 1 APPPATH\Controllers\Property.php(32): App\Models\StaffModel->__construct()
 2 SYSTEMPATH\CodeIgniter.php(903): App\Controllers\Property->__construct()
 3 SYSTEMPATH\CodeIgniter.php(500): CodeIgniter\CodeIgniter->createController()
 4 SYSTEMPATH\CodeIgniter.php(355): CodeIgniter\CodeIgniter->handleRequest(null, Object(Config\Cache), false)
 5 SYSTEMPATH\Boot.php(325): CodeIgniter\CodeIgniter->run()
 6 SYSTEMPATH\Boot.php(67): CodeIgniter\Boot::runCodeIgniter(Object(CodeIgniter\CodeIgniter))
 7 FCPATH\index.php(56): CodeIgniter\Boot::bootWeb(Object(Config\Paths))
WARNING - 2024-07-24 20:51:17 --> [DEPRECATED] Creation of dynamic property App\Libraries\Helpers::$email is deprecated in APPPATH\Libraries\Helpers.php on line 15.
 1 APPPATH\Controllers\Property.php(34): App\Libraries\Helpers->__construct()
 2 SYSTEMPATH\CodeIgniter.php(903): App\Controllers\Property->__construct()
 3 SYSTEMPATH\CodeIgniter.php(500): CodeIgniter\CodeIgniter->createController()
 4 SYSTEMPATH\CodeIgniter.php(355): CodeIgniter\CodeIgniter->handleRequest(null, Object(Config\Cache), false)
 5 SYSTEMPATH\Boot.php(325): CodeIgniter\CodeIgniter->run()
 6 SYSTEMPATH\Boot.php(67): CodeIgniter\Boot::runCodeIgniter(Object(CodeIgniter\CodeIgniter))
 7 FCPATH\index.php(56): CodeIgniter\Boot::bootWeb(Object(Config\Paths))
INFO - 2024-07-24 20:51:17 --> Session: Class initialized using 'CodeIgniter\Session\Handlers\FileHandler' driver.
INFO - 2024-07-24 20:51:22 --> Session: Class initialized using 'CodeIgniter\Session\Handlers\FileHandler' driver.
INFO - 2024-07-24 20:51:27 --> Session: Class initialized using 'CodeIgniter\Session\Handlers\FileHandler' driver.
WARNING - 2024-07-24 20:51:27 --> [DEPRECATED] Creation of dynamic property App\Models\StaffModel::$request is deprecated in APPPATH\Models\StaffModel.php on line 17.
 1 APPPATH\Controllers\Staff.php(26): App\Models\StaffModel->__construct()
 2 SYSTEMPATH\CodeIgniter.php(903): App\Controllers\Staff->__construct()
 3 SYSTEMPATH\CodeIgniter.php(500): CodeIgniter\CodeIgniter->createController()
 4 SYSTEMPATH\CodeIgniter.php(355): CodeIgniter\CodeIgniter->handleRequest(null, Object(Config\Cache), false)
 5 SYSTEMPATH\Boot.php(325): CodeIgniter\CodeIgniter->run()
 6 SYSTEMPATH\Boot.php(67): CodeIgniter\Boot::runCodeIgniter(Object(CodeIgniter\CodeIgniter))
 7 FCPATH\index.php(56): CodeIgniter\Boot::bootWeb(Object(Config\Paths))
WARNING - 2024-07-24 20:51:27 --> [DEPRECATED] Creation of dynamic property App\Libraries\Helpers::$email is deprecated in APPPATH\Libraries\Helpers.php on line 15.
 1 APPPATH\Controllers\Staff.php(30): App\Libraries\Helpers->__construct()
 2 SYSTEMPATH\CodeIgniter.php(903): App\Controllers\Staff->__construct()
 3 SYSTEMPATH\CodeIgniter.php(500): CodeIgniter\CodeIgniter->createController()
 4 SYSTEMPATH\CodeIgniter.php(355): CodeIgniter\CodeIgniter->handleRequest(null, Object(Config\Cache), false)
 5 SYSTEMPATH\Boot.php(325): CodeIgniter\CodeIgniter->run()
 6 SYSTEMPATH\Boot.php(67): CodeIgniter\Boot::runCodeIgniter(Object(CodeIgniter\CodeIgniter))
 7 FCPATH\index.php(56): CodeIgniter\Boot::bootWeb(Object(Config\Paths))
INFO - 2024-07-24 20:51:28 --> Session: Class initialized using 'CodeIgniter\Session\Handlers\FileHandler' driver.
WARNING - 2024-07-24 20:51:28 --> [DEPRECATED] Creation of dynamic property App\Models\StaffModel::$request is deprecated in APPPATH\Models\StaffModel.php on line 17.
 1 APPPATH\Controllers\Staff.php(26): App\Models\StaffModel->__construct()
 2 SYSTEMPATH\CodeIgniter.php(903): App\Controllers\Staff->__construct()
 3 SYSTEMPATH\CodeIgniter.php(500): CodeIgniter\CodeIgniter->createController()
 4 SYSTEMPATH\CodeIgniter.php(355): CodeIgniter\CodeIgniter->handleRequest(null, Object(Config\Cache), false)
 5 SYSTEMPATH\Boot.php(325): CodeIgniter\CodeIgniter->run()
 6 SYSTEMPATH\Boot.php(67): CodeIgniter\Boot::runCodeIgniter(Object(CodeIgniter\CodeIgniter))
 7 FCPATH\index.php(56): CodeIgniter\Boot::bootWeb(Object(Config\Paths))
WARNING - 2024-07-24 20:51:28 --> [DEPRECATED] Creation of dynamic property App\Libraries\Helpers::$email is deprecated in APPPATH\Libraries\Helpers.php on line 15.
 1 APPPATH\Controllers\Staff.php(30): App\Libraries\Helpers->__construct()
 2 SYSTEMPATH\CodeIgniter.php(903): App\Controllers\Staff->__construct()
 3 SYSTEMPATH\CodeIgniter.php(500): CodeIgniter\CodeIgniter->createController()
 4 SYSTEMPATH\CodeIgniter.php(355): CodeIgniter\CodeIgniter->handleRequest(null, Object(Config\Cache), false)
 5 SYSTEMPATH\Boot.php(325): CodeIgniter\CodeIgniter->run()
 6 SYSTEMPATH\Boot.php(67): CodeIgniter\Boot::runCodeIgniter(Object(CodeIgniter\CodeIgniter))
 7 FCPATH\index.php(56): CodeIgniter\Boot::bootWeb(Object(Config\Paths))
INFO - 2024-07-24 20:51:28 --> Session: Class initialized using 'CodeIgniter\Session\Handlers\FileHandler' driver.
WARNING - 2024-07-24 20:51:41 --> [DEPRECATED] Creation of dynamic property App\Models\StaffModel::$request is deprecated in APPPATH\Models\StaffModel.php on line 17.
 1 APPPATH\Controllers\Staff.php(26): App\Models\StaffModel->__construct()
 2 SYSTEMPATH\CodeIgniter.php(903): App\Controllers\Staff->__construct()
 3 SYSTEMPATH\CodeIgniter.php(500): CodeIgniter\CodeIgniter->createController()
 4 SYSTEMPATH\CodeIgniter.php(355): CodeIgniter\CodeIgniter->handleRequest(null, Object(Config\Cache), false)
 5 SYSTEMPATH\Boot.php(325): CodeIgniter\CodeIgniter->run()
 6 SYSTEMPATH\Boot.php(67): CodeIgniter\Boot::runCodeIgniter(Object(CodeIgniter\CodeIgniter))
 7 FCPATH\index.php(56): CodeIgniter\Boot::bootWeb(Object(Config\Paths))
WARNING - 2024-07-24 20:51:41 --> [DEPRECATED] Creation of dynamic property App\Libraries\Helpers::$email is deprecated in APPPATH\Libraries\Helpers.php on line 15.
 1 APPPATH\Controllers\Staff.php(30): App\Libraries\Helpers->__construct()
 2 SYSTEMPATH\CodeIgniter.php(903): App\Controllers\Staff->__construct()
 3 SYSTEMPATH\CodeIgniter.php(500): CodeIgniter\CodeIgniter->createController()
 4 SYSTEMPATH\CodeIgniter.php(355): CodeIgniter\CodeIgniter->handleRequest(null, Object(Config\Cache), false)
 5 SYSTEMPATH\Boot.php(325): CodeIgniter\CodeIgniter->run()
 6 SYSTEMPATH\Boot.php(67): CodeIgniter\Boot::runCodeIgniter(Object(CodeIgniter\CodeIgniter))
 7 FCPATH\index.php(56): CodeIgniter\Boot::bootWeb(Object(Config\Paths))
INFO - 2024-07-24 20:51:41 --> Session: Class initialized using 'CodeIgniter\Session\Handlers\FileHandler' driver.
WARNING - 2024-07-24 20:51:43 --> [DEPRECATED] Creation of dynamic property App\Models\StaffModel::$request is deprecated in APPPATH\Models\StaffModel.php on line 17.
 1 APPPATH\Controllers\Staff.php(26): App\Models\StaffModel->__construct()
 2 SYSTEMPATH\CodeIgniter.php(903): App\Controllers\Staff->__construct()
 3 SYSTEMPATH\CodeIgniter.php(500): CodeIgniter\CodeIgniter->createController()
 4 SYSTEMPATH\CodeIgniter.php(355): CodeIgniter\CodeIgniter->handleRequest(null, Object(Config\Cache), false)
 5 SYSTEMPATH\Boot.php(325): CodeIgniter\CodeIgniter->run()
 6 SYSTEMPATH\Boot.php(67): CodeIgniter\Boot::runCodeIgniter(Object(CodeIgniter\CodeIgniter))
 7 FCPATH\index.php(56): CodeIgniter\Boot::bootWeb(Object(Config\Paths))
WARNING - 2024-07-24 20:51:43 --> [DEPRECATED] Creation of dynamic property App\Libraries\Helpers::$email is deprecated in APPPATH\Libraries\Helpers.php on line 15.
 1 APPPATH\Controllers\Staff.php(30): App\Libraries\Helpers->__construct()
 2 SYSTEMPATH\CodeIgniter.php(903): App\Controllers\Staff->__construct()
 3 SYSTEMPATH\CodeIgniter.php(500): CodeIgniter\CodeIgniter->createController()
 4 SYSTEMPATH\CodeIgniter.php(355): CodeIgniter\CodeIgniter->handleRequest(null, Object(Config\Cache), false)
 5 SYSTEMPATH\Boot.php(325): CodeIgniter\CodeIgniter->run()
 6 SYSTEMPATH\Boot.php(67): CodeIgniter\Boot::runCodeIgniter(Object(CodeIgniter\CodeIgniter))
 7 FCPATH\index.php(56): CodeIgniter\Boot::bootWeb(Object(Config\Paths))
INFO - 2024-07-24 20:51:43 --> Session: Class initialized using 'CodeIgniter\Session\Handlers\FileHandler' driver.
WARNING - 2024-07-24 20:51:55 --> [DEPRECATED] Creation of dynamic property App\Models\StaffModel::$request is deprecated in APPPATH\Models\StaffModel.php on line 17.
 1 APPPATH\Controllers\Property.php(32): App\Models\StaffModel->__construct()
 2 SYSTEMPATH\CodeIgniter.php(903): App\Controllers\Property->__construct()
 3 SYSTEMPATH\CodeIgniter.php(500): CodeIgniter\CodeIgniter->createController()
 4 SYSTEMPATH\CodeIgniter.php(355): CodeIgniter\CodeIgniter->handleRequest(null, Object(Config\Cache), false)
 5 SYSTEMPATH\Boot.php(325): CodeIgniter\CodeIgniter->run()
 6 SYSTEMPATH\Boot.php(67): CodeIgniter\Boot::runCodeIgniter(Object(CodeIgniter\CodeIgniter))
 7 FCPATH\index.php(56): CodeIgniter\Boot::bootWeb(Object(Config\Paths))
WARNING - 2024-07-24 20:51:55 --> [DEPRECATED] Creation of dynamic property App\Libraries\Helpers::$email is deprecated in APPPATH\Libraries\Helpers.php on line 15.
 1 APPPATH\Controllers\Property.php(34): App\Libraries\Helpers->__construct()
 2 SYSTEMPATH\CodeIgniter.php(903): App\Controllers\Property->__construct()
 3 SYSTEMPATH\CodeIgniter.php(500): CodeIgniter\CodeIgniter->createController()
 4 SYSTEMPATH\CodeIgniter.php(355): CodeIgniter\CodeIgniter->handleRequest(null, Object(Config\Cache), false)
 5 SYSTEMPATH\Boot.php(325): CodeIgniter\CodeIgniter->run()
 6 SYSTEMPATH\Boot.php(67): CodeIgniter\Boot::runCodeIgniter(Object(CodeIgniter\CodeIgniter))
 7 FCPATH\index.php(56): CodeIgniter\Boot::bootWeb(Object(Config\Paths))
INFO - 2024-07-24 20:51:55 --> Session: Class initialized using 'CodeIgniter\Session\Handlers\FileHandler' driver.
WARNING - 2024-07-24 20:51:56 --> [DEPRECATED] Creation of dynamic property App\Models\StaffModel::$request is deprecated in APPPATH\Models\StaffModel.php on line 17.
 1 APPPATH\Controllers\Property.php(32): App\Models\StaffModel->__construct()
 2 SYSTEMPATH\CodeIgniter.php(903): App\Controllers\Property->__construct()
 3 SYSTEMPATH\CodeIgniter.php(500): CodeIgniter\CodeIgniter->createController()
 4 SYSTEMPATH\CodeIgniter.php(355): CodeIgniter\CodeIgniter->handleRequest(null, Object(Config\Cache), false)
 5 SYSTEMPATH\Boot.php(325): CodeIgniter\CodeIgniter->run()
 6 SYSTEMPATH\Boot.php(67): CodeIgniter\Boot::runCodeIgniter(Object(CodeIgniter\CodeIgniter))
 7 FCPATH\index.php(56): CodeIgniter\Boot::bootWeb(Object(Config\Paths))
WARNING - 2024-07-24 20:51:56 --> [DEPRECATED] Creation of dynamic property App\Libraries\Helpers::$email is deprecated in APPPATH\Libraries\Helpers.php on line 15.
 1 APPPATH\Controllers\Property.php(34): App\Libraries\Helpers->__construct()
 2 SYSTEMPATH\CodeIgniter.php(903): App\Controllers\Property->__construct()
 3 SYSTEMPATH\CodeIgniter.php(500): CodeIgniter\CodeIgniter->createController()
 4 SYSTEMPATH\CodeIgniter.php(355): CodeIgniter\CodeIgniter->handleRequest(null, Object(Config\Cache), false)
 5 SYSTEMPATH\Boot.php(325): CodeIgniter\CodeIgniter->run()
 6 SYSTEMPATH\Boot.php(67): CodeIgniter\Boot::runCodeIgniter(Object(CodeIgniter\CodeIgniter))
 7 FCPATH\index.php(56): CodeIgniter\Boot::bootWeb(Object(Config\Paths))
INFO - 2024-07-24 20:51:56 --> Session: Class initialized using 'CodeIgniter\Session\Handlers\FileHandler' driver.
WARNING - 2024-07-24 20:51:59 --> [DEPRECATED] Creation of dynamic property App\Models\StaffModel::$request is deprecated in APPPATH\Models\StaffModel.php on line 17.
 1 APPPATH\Controllers\Property.php(32): App\Models\StaffModel->__construct()
 2 SYSTEMPATH\CodeIgniter.php(903): App\Controllers\Property->__construct()
 3 SYSTEMPATH\CodeIgniter.php(500): CodeIgniter\CodeIgniter->createController()
 4 SYSTEMPATH\CodeIgniter.php(355): CodeIgniter\CodeIgniter->handleRequest(null, Object(Config\Cache), false)
 5 SYSTEMPATH\Boot.php(325): CodeIgniter\CodeIgniter->run()
 6 SYSTEMPATH\Boot.php(67): CodeIgniter\Boot::runCodeIgniter(Object(CodeIgniter\CodeIgniter))
 7 FCPATH\index.php(56): CodeIgniter\Boot::bootWeb(Object(Config\Paths))
WARNING - 2024-07-24 20:51:59 --> [DEPRECATED] Creation of dynamic property App\Libraries\Helpers::$email is deprecated in APPPATH\Libraries\Helpers.php on line 15.
 1 APPPATH\Controllers\Property.php(34): App\Libraries\Helpers->__construct()
 2 SYSTEMPATH\CodeIgniter.php(903): App\Controllers\Property->__construct()
 3 SYSTEMPATH\CodeIgniter.php(500): CodeIgniter\CodeIgniter->createController()
 4 SYSTEMPATH\CodeIgniter.php(355): CodeIgniter\CodeIgniter->handleRequest(null, Object(Config\Cache), false)
 5 SYSTEMPATH\Boot.php(325): CodeIgniter\CodeIgniter->run()
 6 SYSTEMPATH\Boot.php(67): CodeIgniter\Boot::runCodeIgniter(Object(CodeIgniter\CodeIgniter))
 7 FCPATH\index.php(56): CodeIgniter\Boot::bootWeb(Object(Config\Paths))
INFO - 2024-07-24 20:51:59 --> Session: Class initialized using 'CodeIgniter\Session\Handlers\FileHandler' driver.
WARNING - 2024-07-24 20:52:15 --> [DEPRECATED] Creation of dynamic property App\Models\StaffModel::$request is deprecated in APPPATH\Models\StaffModel.php on line 17.
 1 APPPATH\Controllers\Property.php(32): App\Models\StaffModel->__construct()
 2 SYSTEMPATH\CodeIgniter.php(903): App\Controllers\Property->__construct()
 3 SYSTEMPATH\CodeIgniter.php(500): CodeIgniter\CodeIgniter->createController()
 4 SYSTEMPATH\CodeIgniter.php(355): CodeIgniter\CodeIgniter->handleRequest(null, Object(Config\Cache), false)
 5 SYSTEMPATH\Boot.php(325): CodeIgniter\CodeIgniter->run()
 6 SYSTEMPATH\Boot.php(67): CodeIgniter\Boot::runCodeIgniter(Object(CodeIgniter\CodeIgniter))
 7 FCPATH\index.php(56): CodeIgniter\Boot::bootWeb(Object(Config\Paths))
WARNING - 2024-07-24 20:52:15 --> [DEPRECATED] Creation of dynamic property App\Libraries\Helpers::$email is deprecated in APPPATH\Libraries\Helpers.php on line 15.
 1 APPPATH\Controllers\Property.php(34): App\Libraries\Helpers->__construct()
 2 SYSTEMPATH\CodeIgniter.php(903): App\Controllers\Property->__construct()
 3 SYSTEMPATH\CodeIgniter.php(500): CodeIgniter\CodeIgniter->createController()
 4 SYSTEMPATH\CodeIgniter.php(355): CodeIgniter\CodeIgniter->handleRequest(null, Object(Config\Cache), false)
 5 SYSTEMPATH\Boot.php(325): CodeIgniter\CodeIgniter->run()
 6 SYSTEMPATH\Boot.php(67): CodeIgniter\Boot::runCodeIgniter(Object(CodeIgniter\CodeIgniter))
 7 FCPATH\index.php(56): CodeIgniter\Boot::bootWeb(Object(Config\Paths))
INFO - 2024-07-24 20:52:15 --> Session: Class initialized using 'CodeIgniter\Session\Handlers\FileHandler' driver.
WARNING - 2024-07-24 20:52:16 --> [DEPRECATED] Creation of dynamic property App\Models\StaffModel::$request is deprecated in APPPATH\Models\StaffModel.php on line 17.
 1 APPPATH\Controllers\Property.php(32): App\Models\StaffModel->__construct()
 2 SYSTEMPATH\CodeIgniter.php(903): App\Controllers\Property->__construct()
 3 SYSTEMPATH\CodeIgniter.php(500): CodeIgniter\CodeIgniter->createController()
 4 SYSTEMPATH\CodeIgniter.php(355): CodeIgniter\CodeIgniter->handleRequest(null, Object(Config\Cache), false)
 5 SYSTEMPATH\Boot.php(325): CodeIgniter\CodeIgniter->run()
 6 SYSTEMPATH\Boot.php(67): CodeIgniter\Boot::runCodeIgniter(Object(CodeIgniter\CodeIgniter))
 7 FCPATH\index.php(56): CodeIgniter\Boot::bootWeb(Object(Config\Paths))
WARNING - 2024-07-24 20:52:16 --> [DEPRECATED] Creation of dynamic property App\Libraries\Helpers::$email is deprecated in APPPATH\Libraries\Helpers.php on line 15.
 1 APPPATH\Controllers\Property.php(34): App\Libraries\Helpers->__construct()
 2 SYSTEMPATH\CodeIgniter.php(903): App\Controllers\Property->__construct()
 3 SYSTEMPATH\CodeIgniter.php(500): CodeIgniter\CodeIgniter->createController()
 4 SYSTEMPATH\CodeIgniter.php(355): CodeIgniter\CodeIgniter->handleRequest(null, Object(Config\Cache), false)
 5 SYSTEMPATH\Boot.php(325): CodeIgniter\CodeIgniter->run()
 6 SYSTEMPATH\Boot.php(67): CodeIgniter\Boot::runCodeIgniter(Object(CodeIgniter\CodeIgniter))
 7 FCPATH\index.php(56): CodeIgniter\Boot::bootWeb(Object(Config\Paths))
INFO - 2024-07-24 20:52:16 --> Session: Class initialized using 'CodeIgniter\Session\Handlers\FileHandler' driver.
WARNING - 2024-07-24 20:52:29 --> [DEPRECATED] Creation of dynamic property App\Models\StaffModel::$request is deprecated in APPPATH\Models\StaffModel.php on line 17.
 1 APPPATH\Controllers\Property.php(32): App\Models\StaffModel->__construct()
 2 SYSTEMPATH\CodeIgniter.php(903): App\Controllers\Property->__construct()
 3 SYSTEMPATH\CodeIgniter.php(500): CodeIgniter\CodeIgniter->createController()
 4 SYSTEMPATH\CodeIgniter.php(355): CodeIgniter\CodeIgniter->handleRequest(null, Object(Config\Cache), false)
 5 SYSTEMPATH\Boot.php(325): CodeIgniter\CodeIgniter->run()
 6 SYSTEMPATH\Boot.php(67): CodeIgniter\Boot::runCodeIgniter(Object(CodeIgniter\CodeIgniter))
 7 FCPATH\index.php(56): CodeIgniter\Boot::bootWeb(Object(Config\Paths))
WARNING - 2024-07-24 20:52:29 --> [DEPRECATED] Creation of dynamic property App\Libraries\Helpers::$email is deprecated in APPPATH\Libraries\Helpers.php on line 15.
 1 APPPATH\Controllers\Property.php(34): App\Libraries\Helpers->__construct()
 2 SYSTEMPATH\CodeIgniter.php(903): App\Controllers\Property->__construct()
 3 SYSTEMPATH\CodeIgniter.php(500): CodeIgniter\CodeIgniter->createController()
 4 SYSTEMPATH\CodeIgniter.php(355): CodeIgniter\CodeIgniter->handleRequest(null, Object(Config\Cache), false)
 5 SYSTEMPATH\Boot.php(325): CodeIgniter\CodeIgniter->run()
 6 SYSTEMPATH\Boot.php(67): CodeIgniter\Boot::runCodeIgniter(Object(CodeIgniter\CodeIgniter))
 7 FCPATH\index.php(56): CodeIgniter\Boot::bootWeb(Object(Config\Paths))
INFO - 2024-07-24 20:52:29 --> Session: Class initialized using 'CodeIgniter\Session\Handlers\FileHandler' driver.
INFO - 2024-07-24 20:52:45 --> Session: Class initialized using 'CodeIgniter\Session\Handlers\FileHandler' driver.
WARNING - 2024-07-24 20:53:32 --> [DEPRECATED] Creation of dynamic property App\Models\StaffModel::$request is deprecated in APPPATH\Models\StaffModel.php on line 17.
 1 APPPATH\Controllers\Property.php(32): App\Models\StaffModel->__construct()
 2 SYSTEMPATH\CodeIgniter.php(903): App\Controllers\Property->__construct()
 3 SYSTEMPATH\CodeIgniter.php(500): CodeIgniter\CodeIgniter->createController()
 4 SYSTEMPATH\CodeIgniter.php(355): CodeIgniter\CodeIgniter->handleRequest(null, Object(Config\Cache), false)
 5 SYSTEMPATH\Boot.php(325): CodeIgniter\CodeIgniter->run()
 6 SYSTEMPATH\Boot.php(67): CodeIgniter\Boot::runCodeIgniter(Object(CodeIgniter\CodeIgniter))
 7 FCPATH\index.php(56): CodeIgniter\Boot::bootWeb(Object(Config\Paths))
WARNING - 2024-07-24 20:53:32 --> [DEPRECATED] Creation of dynamic property App\Libraries\Helpers::$email is deprecated in APPPATH\Libraries\Helpers.php on line 15.
 1 APPPATH\Controllers\Property.php(34): App\Libraries\Helpers->__construct()
 2 SYSTEMPATH\CodeIgniter.php(903): App\Controllers\Property->__construct()
 3 SYSTEMPATH\CodeIgniter.php(500): CodeIgniter\CodeIgniter->createController()
 4 SYSTEMPATH\CodeIgniter.php(355): CodeIgniter\CodeIgniter->handleRequest(null, Object(Config\Cache), false)
 5 SYSTEMPATH\Boot.php(325): CodeIgniter\CodeIgniter->run()
 6 SYSTEMPATH\Boot.php(67): CodeIgniter\Boot::runCodeIgniter(Object(CodeIgniter\CodeIgniter))
 7 FCPATH\index.php(56): CodeIgniter\Boot::bootWeb(Object(Config\Paths))
INFO - 2024-07-24 20:53:32 --> Session: Class initialized using 'CodeIgniter\Session\Handlers\FileHandler' driver.
CRITICAL - 2024-07-24 20:53:33 --> ErrorException: Undefined array key "role_id"
[Method: GET, Route: property]
in APPPATH\Views\property\index.php on line 27.
 1 APPPATH\Views\property\index.php(27): CodeIgniter\Debug\Exceptions->errorHandler(2, 'Undefined array key "role_id"', 'C:\\xampp\\htdocs\\codeignitor4.5\\app\\Views\\property\\index.php', 27)
 2 SYSTEMPATH\View\View.php(234): include('C:\\xampp\\htdocs\\codeignitor4.5\\app\\Views\\property\\index.php')
 3 SYSTEMPATH\View\View.php(237): CodeIgniter\View\View->CodeIgniter\View\{closure}()
 4 SYSTEMPATH\Common.php(1171): CodeIgniter\View\View->render('property/index', [], true)
 5 APPPATH\Controllers\Property.php(65): view('property/index', [...])
 6 SYSTEMPATH\CodeIgniter.php(933): App\Controllers\Property->index()
 7 SYSTEMPATH\CodeIgniter.php(509): CodeIgniter\CodeIgniter->runController(Object(App\Controllers\Property))
 8 SYSTEMPATH\CodeIgniter.php(355): CodeIgniter\CodeIgniter->handleRequest(null, Object(Config\Cache), false)
 9 SYSTEMPATH\Boot.php(325): CodeIgniter\CodeIgniter->run()
10 SYSTEMPATH\Boot.php(67): CodeIgniter\Boot::runCodeIgniter(Object(CodeIgniter\CodeIgniter))
11 FCPATH\index.php(56): CodeIgniter\Boot::bootWeb(Object(Config\Paths))
